PCAD Importer Log
Project : lab04.PrjPcb

Section : C:\Users\StatTrak\Desktop\pcad\4\lab04.PCB
    Section : Load Messages
        Warning - 1 : Skipping Token defaultPinDes On Line 201
        Warning - 1 : Skipping Token defaultPinDes On Line 202
        Warning - 1 : Skipping Token attachedSymbol On Line 296
        Warning - 1 : Skipping Token attachedSymbol On Line 318
        Warning - 1 : Skipping Token attachedSymbol On Line 341
        Warning - 1 : Skipping Token attachedSymbol On Line 364
        Warning - 1 : Skipping Token attachedSymbol On Line 388
        Warning - 1 : Skipping Token refPointSize On Line 497
        Warning - 1 : Skipping Token infoPointSize On Line 498
        Warning - 1 : Skipping Token gluePointSize On Line 499
        Warning - 1 : Skipping Token pickPointSize On Line 500
        Warning - 1 : Skipping Token testPointSize On Line 501
        Warning - 1 : Skipping Token refPointSizePrint On Line 502
        Warning - 1 : Skipping Token infoPointSizePrint On Line 503
        Warning - 1 : Skipping Token gluePointSizePrint On Line 504
        Warning - 1 : Skipping Token pickPointSizePrint On Line 505
        Warning - 1 : Skipping Token testPointSizePrint On Line 506
        Warning - 1 : Skipping Token solderFlowDirection On Line 507
        Warning - 1 : Skipping Token globalCopperPourCutoutBackoffFlag On Line 508
        Warning - 1 : Skipping Token useLegacyBackoffAlgorithm On Line 509
        Warning - 1 : Skipping Token useLegacyCupourIslandGenerationAlgorithm On Line 510
        Warning - 1 : Skipping Token drillSymSettings On Line 665
        Warning - 1 : Skipping Token gerberSettings On Line 667
        Warning - 1 : Skipping Token ncDrillSettings On Line 681
        Warning - 1 : Skipping Token programState On Line 690
        Warning - 1 : Skipping Token displayDrawOrder On Line 731
        Warning - 1 : Skipping Token reportSettings On Line 954
        Warning - 1 : Skipping Token odbSettings On Line 1651
    EndSection

    Section : Import Messages
        Warning - 0 : PCAD Pattern Graphics [PUP2][Primary] associated with PCAD Component [PUC2] has been renamed to PCB FootPrint [PUP2_PUC2(Primary)].
        Warning - 0 : PCAD Pattern Graphics [DRV134P][Primary] associated with PCAD Component [DRV134C] has been renamed to PCB FootPrint [DRV134P_DRV134C(Primary)].
        Warning - 0 : PCAD Pattern Graphics [PA150P][Primary] associated with PCAD Component [PA150] has been renamed to PCB FootPrint [PA150P_PA150(Primary)].
        Warning - 0 : PCAD Pattern Graphics [PA150P][Primary] associated with PCAD Component [PA150] has been renamed to PCB FootPrint [PA150P_PA150(Primary)].
        Warning - 0 : PCAD Pattern Graphics [PUP][Primary] associated with PCAD Component [PUC] has been renamed to PCB FootPrint [PUP_PUC(Primary)].
    EndSection
EndSection
